Grade for assignment [AmonOphir]: 0/10
building Student AmonOphir assignment code base from directory /Users/avraham/YUGitRepos/1300/AmonOphir/IntroToCompSci/assignments/Library2
[ERROR] COMPILATION ERROR : 
[ERROR] /Users/avraham/YUGitRepos/1300/AmonOphir/IntroToCompSci/assignments/Library2/src/test/java/edu/yu/intro/test/TestPatrons.java:[75,47] cannot find symbol
  symbol:   method getId()
  location: variable patron1 of type edu.yu.intro.Patron
[ERROR] /Users/avraham/YUGitRepos/1300/AmonOphir/IntroToCompSci/assignments/Library2/src/test/java/edu/yu/intro/test/TestPatron.java:[37,36] cannot find symbol
  symbol:   method getId()
  location: variable patron of type edu.yu.intro.Patron
[ERROR] Failed to execute goal org.apache.maven.plugins:maven-compiler-plugin:3.7.0:testCompile (default-testCompile) on project Library2: Compilation failure: Compilation failure:
[ERROR] /Users/avraham/YUGitRepos/1300/AmonOphir/IntroToCompSci/assignments/Library2/src/test/java/edu/yu/intro/test/TestPatrons.java:[75,47] cannot find symbol
[ERROR] symbol:   method getId()
[ERROR] location: variable patron1 of type edu.yu.intro.Patron
[ERROR] /Users/avraham/YUGitRepos/1300/AmonOphir/IntroToCompSci/assignments/Library2/src/test/java/edu/yu/intro/test/TestPatron.java:[37,36] cannot find symbol
[ERROR] symbol:   method getId()
[ERROR] location: variable patron of type edu.yu.intro.Patron
[ERROR] -> [Help 1]
[ERROR] 
[ERROR] To see the full stack trace of the errors, re-run Maven with the -e switch.
[ERROR] Re-run Maven using the -X switch to enable full debug logging.
[ERROR] 
[ERROR] For more information about the errors and possible solutions, please read the following articles:
[ERROR] [Help 1] http://cwiki.apache.org/confluence/display/MAVEN/MojoFailureException
